Using pre-set license
Built from '2020.3/staging' branch; Version is '2020.3.8f1 (507919d4fff5) revision 5273881'; Using compiler version '192528614'; Build Type 'Release'
OS: 'Windows 10 Home Single Language; OS build 19042.1165; Version 2009; 64bit' Language: 'pt' Physical Memory: 8066 MB
BatchMode: 1, IsHumanControllingUs: 0, StartBugReporterOnCrash: 0, Is64bit: 1, IsPro: 0

 COMMAND LINE ARGUMENTS:
C:\Program Files\Unity\Hub\Editor\2020.3.8f1\Editor\Unity.exe
-adb2
-batchMode
-noUpm
-name
AssetImportWorker0
-projectPath
C:/Users/sr_ro/Documents/unity/jogos/alumio
-logFile
Logs/AssetImportWorker0.log
-srvPort
63285
Successfully changed project path to: C:/Users/sr_ro/Documents/unity/jogos/alumio
C:/Users/sr_ro/Documents/unity/jogos/alumio
Using Asset Import Pipeline V2.
Refreshing native plugins compatible for Editor in 171.24 ms, found 1 plugins.
Preloading 0 native plugins for Editor in 0.00 ms.
Initialize engine version: 2020.3.8f1 (507919d4fff5)
[Subsystems] Discovering subsystems at path C:/Program Files/Unity/Hub/Editor/2020.3.8f1/Editor/Data/Resources/UnitySubsystems
[Subsystems] Discovering subsystems at path C:/Users/sr_ro/Documents/unity/jogos/alumio/Assets
GfxDevice: creating device client; threaded=0
Direct3D:
    Version:  Direct3D 11.0 [level 11.1]
    Renderer: Intel(R) HD Graphics 620 (ID=0x5916)
    Vendor:   
    VRAM:     4033 MB
    Driver:   27.20.100.8681
Initialize mono
Mono path[0] = 'C:/Program Files/Unity/Hub/Editor/2020.3.8f1/Editor/Data/Managed'
Mono path[1] = 'C:/Program Files/Unity/Hub/Editor/2020.3.8f1/Editor/Data/MonoBleedingEdge/lib/mono/unityjit'
Mono config path = 'C:/Program Files/Unity/Hub/Editor/2020.3.8f1/Editor/Data/MonoBleedingEdge/etc'
Using monoOptions --debugger-agent=transport=dt_socket,embedding=1,server=y,suspend=n,address=127.0.0.1:56432
Begin MonoManager ReloadAssembly
Registering precompiled unity dll's ...
Register platform support module: C:/Program Files/Unity/Hub/Editor/2020.3.8f1/Editor/Data/PlaybackEngines/WebGLSupport/UnityEditor.WebGL.Extensions.dll
Register platform support module: C:/Program Files/Unity/Hub/Editor/2020.3.8f1/Editor/Data/PlaybackEngines/WindowsStandaloneSupport/UnityEditor.WindowsStandalone.Extensions.dll
Registered in 0.004397 seconds.
Native extension for WindowsStandalone target not found
Native extension for WebGL target not found
Refreshing native plugins compatible for Editor in 183.02 ms, found 1 plugins.
Preloading 0 native plugins for Editor in 0.00 ms.
Mono: successfully reloaded assembly
- Completed reload, in  2.972 seconds
Platform modules already initialized, skipping
Registering precompiled user dll's ...
Registered in 0.003312 seconds.
Begin MonoManager ReloadAssembly
Native extension for WindowsStandalone target not found
Native extension for WebGL target not found
Refreshing native plugins compatible for Editor in 159.04 ms, found 1 plugins.
Preloading 0 native plugins for Editor in 0.00 ms.
Mono: successfully reloaded assembly
- Completed reload, in  1.878 seconds
Platform modules already initialized, skipping
========================================================================
Worker process is ready to serve import requests
Launched and connected shader compiler UnityShaderCompiler.exe after 0.10 seconds
Refreshing native plugins compatible for Editor in 1.62 ms, found 1 plugins.
Preloading 0 native plugins for Editor in 0.00 ms.
Unloading 1891 Unused Serialized files (Serialized files now loaded: 0)
System memory in use before: 92.0 MB.
System memory in use after: 62.3 MB.

Unloading 24 unused Assets to reduce memory usage. Loaded Objects now: 2336.
Total: 4.201500 ms (FindLiveObjects: 0.230000 ms CreateObjectMapping: 0.106700 ms MarkObjects: 3.604000 ms  DeleteObjects: 0.258900 ms)

========================================================================
Received Import Request.
  path: Assets/UI/white-background-2-768x450.jpg
  artifactKey: Guid(6fecbac3808277c4fa2d1e7d84a0e145) Importer(815301076,1909f56bfc062723c751e8b465ee728b)
Start importing Assets/UI/white-background-2-768x450.jpg using Guid(6fecbac3808277c4fa2d1e7d84a0e145) Importer(815301076,1909f56bfc062723c751e8b465ee728b)  -> (artifact id: 'f37fdc446ef57d03743c56fab8d5d4ba') in 0.233194 seconds
  Import took 0.238272 seconds .

========================================================================
Received Prepare
Registering precompiled user dll's ...
Registered in 0.003236 seconds.
Begin MonoManager ReloadAssembly
Native extension for WindowsStandalone target not found
Native extension for WebGL target not found
Refreshing native plugins compatible for Editor in 1.78 ms, found 1 plugins.
Preloading 0 native plugins for Editor in 0.00 ms.
Mono: successfully reloaded assembly
- Completed reload, in  1.496 seconds
Platform modules already initialized, skipping
Refreshing native plugins compatible for Editor in 1.35 ms, found 1 plugins.
Preloading 0 native plugins for Editor in 0.00 ms.
Unloading 1872 Unused Serialized files (Serialized files now loaded: 0)
System memory in use before: 93.5 MB.
System memory in use after: 93.5 MB.

Unloading 12 unused Assets to reduce memory usage. Loaded Objects now: 2347.
Total: 2.407000 ms (FindLiveObjects: 0.211400 ms CreateObjectMapping: 0.083900 ms MarkObjects: 1.984100 ms  DeleteObjects: 0.125400 ms)

========================================================================
Received Import Request.
  Time since last request: 113.900589 seconds.
  path: Assets/HealthController.cs
  artifactKey: Guid(cfcc44e7fa9b86c4bbb89a5f8e6ec033) Importer(815301076,1909f56bfc062723c751e8b465ee728b)
Start importing Assets/HealthController.cs using Guid(cfcc44e7fa9b86c4bbb89a5f8e6ec033) Importer(815301076,1909f56bfc062723c751e8b465ee728b)  -> (artifact id: 'dc37ced2ce3b3008ebcdb378497bdb6e') in 0.034460 seconds
  Import took 0.070627 seconds .

========================================================================
Received Prepare
Registering precompiled user dll's ...
Registered in 0.064806 seconds.
Begin MonoManager ReloadAssembly
Native extension for WindowsStandalone target not found
Native extension for WebGL target not found
Refreshing native plugins compatible for Editor in 1.07 ms, found 1 plugins.
Preloading 0 native plugins for Editor in 0.00 ms.
Mono: successfully reloaded assembly
- Completed reload, in  1.546 seconds
Platform modules already initialized, skipping
Refreshing native plugins compatible for Editor in 1.27 ms, found 1 plugins.
Preloading 0 native plugins for Editor in 0.00 ms.
Unloading 1872 Unused Serialized files (Serialized files now loaded: 0)
System memory in use before: 93.6 MB.
System memory in use after: 93.5 MB.

Unloading 12 unused Assets to reduce memory usage. Loaded Objects now: 2351.
Total: 2.651500 ms (FindLiveObjects: 0.287900 ms CreateObjectMapping: 0.125600 ms MarkObjects: 2.091500 ms  DeleteObjects: 0.144800 ms)

========================================================================
Received Prepare
Registering precompiled user dll's ...
Registered in 0.009395 seconds.
Begin MonoManager ReloadAssembly
Native extension for WindowsStandalone target not found
Native extension for WebGL target not found
Refreshing native plugins compatible for Editor in 1.39 ms, found 1 plugins.
Preloading 0 native plugins for Editor in 0.00 ms.
Mono: successfully reloaded assembly
- Completed reload, in  2.014 seconds
Platform modules already initialized, skipping
Refreshing native plugins compatible for Editor in 4.48 ms, found 1 plugins.
Preloading 0 native plugins for Editor in 0.00 ms.
Unloading 1872 Unused Serialized files (Serialized files now loaded: 0)
System memory in use before: 93.6 MB.
System memory in use after: 93.6 MB.

Unloading 12 unused Assets to reduce memory usage. Loaded Objects now: 2355.
Total: 8.857200 ms (FindLiveObjects: 3.391000 ms CreateObjectMapping: 0.754300 ms MarkObjects: 4.179300 ms  DeleteObjects: 0.527700 ms)

========================================================================
Received Prepare
Registering precompiled user dll's ...
Registered in 0.003117 seconds.
Begin MonoManager ReloadAssembly
Native extension for WindowsStandalone target not found
Native extension for WebGL target not found
Refreshing native plugins compatible for Editor in 1.49 ms, found 1 plugins.
Preloading 0 native plugins for Editor in 0.00 ms.
Mono: successfully reloaded assembly
- Completed reload, in  1.573 seconds
Platform modules already initialized, skipping
Refreshing native plugins compatible for Editor in 2.48 ms, found 1 plugins.
Preloading 0 native plugins for Editor in 0.00 ms.
Unloading 1872 Unused Serialized files (Serialized files now loaded: 0)
System memory in use before: 93.6 MB.
System memory in use after: 93.6 MB.

Unloading 12 unused Assets to reduce memory usage. Loaded Objects now: 2359.
Total: 4.945000 ms (FindLiveObjects: 0.346100 ms CreateObjectMapping: 0.142300 ms MarkObjects: 3.333600 ms  DeleteObjects: 1.121200 ms)

========================================================================
Received Import Request.
  Time since last request: 195.520919 seconds.
  path: Assets/Scenes/RunaScene.unity
  artifactKey: Guid(0fc95fcdd138cf44889b9762403676e8) Importer(815301076,1909f56bfc062723c751e8b465ee728b)
Start importing Assets/Scenes/RunaScene.unity using Guid(0fc95fcdd138cf44889b9762403676e8) Importer(815301076,1909f56bfc062723c751e8b465ee728b)  -> (artifact id: '3dc2aaa7f4c4c355737df1ae736eec5c') in 0.025672 seconds
  Import took 0.031957 seconds .

========================================================================
Received Import Request.
  Time since last request: 44.637178 seconds.
  path: Assets/Scenes/DungeonScene.unity
  artifactKey: Guid(d574afce2e2505a428279433df02aeea) Importer(815301076,1909f56bfc062723c751e8b465ee728b)
Start importing Assets/Scenes/DungeonScene.unity using Guid(d574afce2e2505a428279433df02aeea) Importer(815301076,1909f56bfc062723c751e8b465ee728b)  -> (artifact id: '1b4b47bb7f34d0f685373d674b2587bc') in 0.006057 seconds
  Import took 0.012361 seconds .

========================================================================
Received Prepare
Registering precompiled user dll's ...
Registered in 0.002440 seconds.
Begin MonoManager ReloadAssembly
Native extension for WindowsStandalone target not found
Native extension for WebGL target not found
Refreshing native plugins compatible for Editor in 1.13 ms, found 1 plugins.
Preloading 0 native plugins for Editor in 0.00 ms.
Mono: successfully reloaded assembly
- Completed reload, in  1.498 seconds
Platform modules already initialized, skipping
Refreshing native plugins compatible for Editor in 1.35 ms, found 1 plugins.
Preloading 0 native plugins for Editor in 0.00 ms.
Unloading 1872 Unused Serialized files (Serialized files now loaded: 0)
System memory in use before: 93.6 MB.
System memory in use after: 93.6 MB.

Unloading 12 unused Assets to reduce memory usage. Loaded Objects now: 2363.
Total: 3.528700 ms (FindLiveObjects: 0.323900 ms CreateObjectMapping: 0.146400 ms MarkObjects: 2.887700 ms  DeleteObjects: 0.168900 ms)

========================================================================
Received Prepare
Registering precompiled user dll's ...
Registered in 0.001912 seconds.
Begin MonoManager ReloadAssembly
Native extension for WindowsStandalone target not found
Native extension for WebGL target not found
Refreshing native plugins compatible for Editor in 1.17 ms, found 1 plugins.
Preloading 0 native plugins for Editor in 0.00 ms.
Mono: successfully reloaded assembly
- Completed reload, in  1.501 seconds
Platform modules already initialized, skipping
Refreshing native plugins compatible for Editor in 6.47 ms, found 1 plugins.
Preloading 0 native plugins for Editor in 0.00 ms.
Unloading 1872 Unused Serialized files (Serialized files now loaded: 0)
System memory in use before: 93.6 MB.
System memory in use after: 93.6 MB.

Unloading 12 unused Assets to reduce memory usage. Loaded Objects now: 2367.
Total: 7.011400 ms (FindLiveObjects: 2.165300 ms CreateObjectMapping: 0.989300 ms MarkObjects: 3.658500 ms  DeleteObjects: 0.195200 ms)

========================================================================
Received Prepare
Registering precompiled user dll's ...
Registered in 0.001934 seconds.
Begin MonoManager ReloadAssembly
Native extension for WindowsStandalone target not found
Native extension for WebGL target not found
Refreshing native plugins compatible for Editor in 1.13 ms, found 1 plugins.
Preloading 0 native plugins for Editor in 0.00 ms.
Mono: successfully reloaded assembly
- Completed reload, in  1.322 seconds
Platform modules already initialized, skipping
Refreshing native plugins compatible for Editor in 1.06 ms, found 1 plugins.
Preloading 0 native plugins for Editor in 0.00 ms.
Unloading 1872 Unused Serialized files (Serialized files now loaded: 0)
System memory in use before: 93.7 MB.
System memory in use after: 93.6 MB.

Unloading 12 unused Assets to reduce memory usage. Loaded Objects now: 2371.
Total: 4.903000 ms (FindLiveObjects: 0.235000 ms CreateObjectMapping: 0.203100 ms MarkObjects: 3.767900 ms  DeleteObjects: 0.695300 ms)

========================================================================
Received Import Request.
  Time since last request: 134.684449 seconds.
  path: Assets/Scenes/SampleScene.unity
  artifactKey: Guid(2cda990e2423bbf4892e6590ba056729) Importer(815301076,1909f56bfc062723c751e8b465ee728b)
Start importing Assets/Scenes/SampleScene.unity using Guid(2cda990e2423bbf4892e6590ba056729) Importer(815301076,1909f56bfc062723c751e8b465ee728b)  -> (artifact id: '02b1afde2040274578582de4992d1faa') in 0.046007 seconds
  Import took 0.057791 seconds .

========================================================================
Received Prepare
Registering precompiled user dll's ...
Registered in 0.003736 seconds.
Begin MonoManager ReloadAssembly
Native extension for WindowsStandalone target not found
Native extension for WebGL target not found
Refreshing native plugins compatible for Editor in 1.15 ms, found 1 plugins.
Preloading 0 native plugins for Editor in 0.00 ms.
Mono: successfully reloaded assembly
- Completed reload, in  1.652 seconds
Platform modules already initialized, skipping
Refreshing native plugins compatible for Editor in 1.40 ms, found 1 plugins.
Preloading 0 native plugins for Editor in 0.00 ms.
Unloading 1872 Unused Serialized files (Serialized files now loaded: 0)
System memory in use before: 93.7 MB.
System memory in use after: 93.7 MB.

Unloading 12 unused Assets to reduce memory usage. Loaded Objects now: 2375.
Total: 3.077100 ms (FindLiveObjects: 0.377700 ms CreateObjectMapping: 0.155200 ms MarkObjects: 2.396800 ms  DeleteObjects: 0.144800 ms)

========================================================================
Received Prepare
Registering precompiled user dll's ...
Registered in 0.003137 seconds.
Begin MonoManager ReloadAssembly
Native extension for WindowsStandalone target not found
Native extension for WebGL target not found
Refreshing native plugins compatible for Editor in 1.69 ms, found 1 plugins.
Preloading 0 native plugins for Editor in 0.00 ms.
Mono: successfully reloaded assembly
- Completed reload, in  1.432 seconds
Platform modules already initialized, skipping
Refreshing native plugins compatible for Editor in 1.11 ms, found 1 plugins.
Preloading 0 native plugins for Editor in 0.00 ms.
Unloading 1872 Unused Serialized files (Serialized files now loaded: 0)
System memory in use before: 93.7 MB.
System memory in use after: 93.7 MB.

Unloading 12 unused Assets to reduce memory usage. Loaded Objects now: 2379.
Total: 2.941500 ms (FindLiveObjects: 0.217300 ms CreateObjectMapping: 0.085200 ms MarkObjects: 2.494800 ms  DeleteObjects: 0.142500 ms)

========================================================================
Received Import Request.
  Time since last request: 576.847941 seconds.
  path: Assets/Scenes/FinalScene.unity
  artifactKey: Guid(0152434dc6a6a78469286f6671241fb0) Importer(815301076,1909f56bfc062723c751e8b465ee728b)
Start importing Assets/Scenes/FinalScene.unity using Guid(0152434dc6a6a78469286f6671241fb0) Importer(815301076,1909f56bfc062723c751e8b465ee728b)  -> (artifact id: 'e1cda8ff4ebdfff4b7ba211ea443643c') in 0.024297 seconds
  Import took 0.034768 seconds .

========================================================================
Received Prepare
Registering precompiled user dll's ...
Registered in 0.002155 seconds.
Begin MonoManager ReloadAssembly
Native extension for WindowsStandalone target not found
Native extension for WebGL target not found
Refreshing native plugins compatible for Editor in 1.31 ms, found 1 plugins.
Preloading 0 native plugins for Editor in 0.00 ms.
Mono: successfully reloaded assembly
- Completed reload, in  1.483 seconds
Platform modules already initialized, skipping
Refreshing native plugins compatible for Editor in 1.11 ms, found 1 plugins.
Preloading 0 native plugins for Editor in 0.00 ms.
Unloading 1872 Unused Serialized files (Serialized files now loaded: 0)
System memory in use before: 93.7 MB.
System memory in use after: 93.7 MB.

Unloading 12 unused Assets to reduce memory usage. Loaded Objects now: 2383.
Total: 5.056100 ms (FindLiveObjects: 0.865700 ms CreateObjectMapping: 0.158000 ms MarkObjects: 3.896000 ms  DeleteObjects: 0.133800 ms)

========================================================================
Received Import Request.
  Time since last request: 30.191205 seconds.
  path: Assets/Scenes/DungeonScene.unity
  artifactKey: Guid(d574afce2e2505a428279433df02aeea) Importer(815301076,1909f56bfc062723c751e8b465ee728b)
Start importing Assets/Scenes/DungeonScene.unity using Guid(d574afce2e2505a428279433df02aeea) Importer(815301076,1909f56bfc062723c751e8b465ee728b)  -> (artifact id: 'f4bf57e5752cb41f96ddbccdaf627681') in 0.017364 seconds
  Import took 0.030358 seconds .

========================================================================
Received Import Request.
  Time since last request: 90.034432 seconds.
  path: Assets/enemyCounter.cs
  artifactKey: Guid(9420ea6e80bc8e1458f2a2e990991099) Importer(815301076,1909f56bfc062723c751e8b465ee728b)
Start importing Assets/enemyCounter.cs using Guid(9420ea6e80bc8e1458f2a2e990991099) Importer(815301076,1909f56bfc062723c751e8b465ee728b)  -> (artifact id: '2e1069ef60df9c2c6e67695ce6ca50ed') in 0.004264 seconds
  Import took 0.013077 seconds .

========================================================================
Received Prepare
Registering precompiled user dll's ...
Registered in 0.002046 seconds.
Begin MonoManager ReloadAssembly
Native extension for WindowsStandalone target not found
Native extension for WebGL target not found
Refreshing native plugins compatible for Editor in 1.07 ms, found 1 plugins.
Preloading 0 native plugins for Editor in 0.00 ms.
Mono: successfully reloaded assembly
- Completed reload, in  1.689 seconds
Platform modules already initialized, skipping
Refreshing native plugins compatible for Editor in 1.32 ms, found 1 plugins.
Preloading 0 native plugins for Editor in 0.00 ms.
Unloading 1872 Unused Serialized files (Serialized files now loaded: 0)
System memory in use before: 93.7 MB.
System memory in use after: 93.7 MB.

Unloading 12 unused Assets to reduce memory usage. Loaded Objects now: 2387.
Total: 2.773200 ms (FindLiveObjects: 0.236800 ms CreateObjectMapping: 0.097300 ms MarkObjects: 2.292600 ms  DeleteObjects: 0.144600 ms)

========================================================================
Received Prepare
Registering precompiled user dll's ...
Registered in 0.002123 seconds.
Begin MonoManager ReloadAssembly
Native extension for WindowsStandalone target not found
Native extension for WebGL target not found
Refreshing native plugins compatible for Editor in 1.87 ms, found 1 plugins.
Preloading 0 native plugins for Editor in 0.00 ms.
Mono: successfully reloaded assembly
- Completed reload, in  1.547 seconds
Platform modules already initialized, skipping
Refreshing native plugins compatible for Editor in 2.09 ms, found 1 plugins.
Preloading 0 native plugins for Editor in 0.00 ms.
Unloading 1872 Unused Serialized files (Serialized files now loaded: 0)
System memory in use before: 93.7 MB.
System memory in use after: 93.7 MB.

Unloading 12 unused Assets to reduce memory usage. Loaded Objects now: 2391.
Total: 2.579900 ms (FindLiveObjects: 0.236500 ms CreateObjectMapping: 0.101700 ms MarkObjects: 2.090300 ms  DeleteObjects: 0.149700 ms)

========================================================================
Received Prepare
Registering precompiled user dll's ...
Registered in 0.002270 seconds.
Begin MonoManager ReloadAssembly
Native extension for WindowsStandalone target not found
Native extension for WebGL target not found
Refreshing native plugins compatible for Editor in 1.24 ms, found 1 plugins.
Preloading 0 native plugins for Editor in 0.00 ms.
Mono: successfully reloaded assembly
- Completed reload, in  1.294 seconds
Platform modules already initialized, skipping
Refreshing native plugins compatible for Editor in 1.11 ms, found 1 plugins.
Preloading 0 native plugins for Editor in 0.00 ms.
Unloading 1872 Unused Serialized files (Serialized files now loaded: 0)
System memory in use before: 93.7 MB.
System memory in use after: 93.7 MB.

Unloading 12 unused Assets to reduce memory usage. Loaded Objects now: 2395.
Total: 2.721800 ms (FindLiveObjects: 0.222000 ms CreateObjectMapping: 0.091900 ms MarkObjects: 2.271800 ms  DeleteObjects: 0.134300 ms)

========================================================================
Received Import Request.
  Time since last request: 202.213509 seconds.
  path: Assets/Scenes/FinalScene.unity
  artifactKey: Guid(0152434dc6a6a78469286f6671241fb0) Importer(815301076,1909f56bfc062723c751e8b465ee728b)
Start importing Assets/Scenes/FinalScene.unity using Guid(0152434dc6a6a78469286f6671241fb0) Importer(815301076,1909f56bfc062723c751e8b465ee728b)  -> (artifact id: 'e3ca2c23e6127a7fa3c0a553a5969968') in 0.020327 seconds
  Import took 0.031199 seconds .

========================================================================
Received Import Request.
  Time since last request: 127.901284 seconds.
  path: Assets/Scenes/DungeonScene.unity
  artifactKey: Guid(d574afce2e2505a428279433df02aeea) Importer(815301076,1909f56bfc062723c751e8b465ee728b)
Start importing Assets/Scenes/DungeonScene.unity using Guid(d574afce2e2505a428279433df02aeea) Importer(815301076,1909f56bfc062723c751e8b465ee728b)  -> (artifact id: '15045311ea00a41ee97396e51b1fdd16') in 0.007266 seconds
  Import took 0.018666 seconds .

========================================================================
Received Prepare
Registering precompiled user dll's ...
Registered in 0.002570 seconds.
Begin MonoManager ReloadAssembly
Native extension for WindowsStandalone target not found
Native extension for WebGL target not found
Refreshing native plugins compatible for Editor in 1.70 ms, found 1 plugins.
Preloading 0 native plugins for Editor in 0.00 ms.
Mono: successfully reloaded assembly
- Completed reload, in  1.508 seconds
Platform modules already initialized, skipping
Refreshing native plugins compatible for Editor in 1.20 ms, found 1 plugins.
Preloading 0 native plugins for Editor in 0.00 ms.
Unloading 1872 Unused Serialized files (Serialized files now loaded: 0)
System memory in use before: 93.8 MB.
System memory in use after: 93.7 MB.

Unloading 12 unused Assets to reduce memory usage. Loaded Objects now: 2399.
Total: 3.726700 ms (FindLiveObjects: 0.264900 ms CreateObjectMapping: 0.099200 ms MarkObjects: 3.153000 ms  DeleteObjects: 0.207200 ms)

========================================================================
Received Prepare
Registering precompiled user dll's ...
Registered in 0.003629 seconds.
Begin MonoManager ReloadAssembly
Native extension for WindowsStandalone target not found
Native extension for WebGL target not found
Refreshing native plugins compatible for Editor in 1.15 ms, found 1 plugins.
Preloading 0 native plugins for Editor in 0.00 ms.
Mono: successfully reloaded assembly
- Completed reload, in  1.230 seconds
Platform modules already initialized, skipping
Refreshing native plugins compatible for Editor in 1.22 ms, found 1 plugins.
Preloading 0 native plugins for Editor in 0.00 ms.
Unloading 1872 Unused Serialized files (Serialized files now loaded: 0)
System memory in use before: 93.8 MB.
System memory in use after: 93.7 MB.

Unloading 12 unused Assets to reduce memory usage. Loaded Objects now: 2403.
Total: 2.864000 ms (FindLiveObjects: 0.213500 ms CreateObjectMapping: 0.086000 ms MarkObjects: 2.416100 ms  DeleteObjects: 0.146600 ms)

========================================================================
Received Prepare
Registering precompiled user dll's ...
Registered in 0.004985 seconds.
Begin MonoManager ReloadAssembly
Native extension for WindowsStandalone target not found
Native extension for WebGL target not found
Refreshing native plugins compatible for Editor in 2.11 ms, found 1 plugins.
Preloading 0 native plugins for Editor in 0.00 ms.
Mono: successfully reloaded assembly
- Completed reload, in  1.343 seconds
Platform modules already initialized, skipping
Refreshing native plugins compatible for Editor in 1.59 ms, found 1 plugins.
Preloading 0 native plugins for Editor in 0.00 ms.
Unloading 1872 Unused Serialized files (Serialized files now loaded: 0)
System memory in use before: 93.8 MB.
System memory in use after: 93.7 MB.

Unloading 12 unused Assets to reduce memory usage. Loaded Objects now: 2407.
Total: 3.443600 ms (FindLiveObjects: 0.223000 ms CreateObjectMapping: 0.074200 ms MarkObjects: 2.951500 ms  DeleteObjects: 0.193200 ms)

========================================================================
Received Prepare
Registering precompiled user dll's ...
Registered in 0.006471 seconds.
Begin MonoManager ReloadAssembly
Native extension for WindowsStandalone target not found
Native extension for WebGL target not found
Refreshing native plugins compatible for Editor in 1.10 ms, found 1 plugins.
Preloading 0 native plugins for Editor in 0.00 ms.
Mono: successfully reloaded assembly
- Completed reload, in  1.267 seconds
Platform modules already initialized, skipping
Refreshing native plugins compatible for Editor in 1.04 ms, found 1 plugins.
Preloading 0 native plugins for Editor in 0.00 ms.
Unloading 1872 Unused Serialized files (Serialized files now loaded: 0)
System memory in use before: 93.8 MB.
System memory in use after: 93.8 MB.

Unloading 12 unused Assets to reduce memory usage. Loaded Objects now: 2411.
Total: 4.722100 ms (FindLiveObjects: 0.211800 ms CreateObjectMapping: 0.086700 ms MarkObjects: 4.183300 ms  DeleteObjects: 0.238300 ms)

========================================================================
Received Import Request.
  Time since last request: 269.538697 seconds.
  path: Assets/Scenes/DungeonScene.unity
  artifactKey: Guid(d574afce2e2505a428279433df02aeea) Importer(815301076,1909f56bfc062723c751e8b465ee728b)
Start importing Assets/Scenes/DungeonScene.unity using Guid(d574afce2e2505a428279433df02aeea) Importer(815301076,1909f56bfc062723c751e8b465ee728b)  -> (artifact id: '750d478bb348bf63c5efb800dca89920') in 0.029398 seconds
  Import took 0.036839 seconds .

========================================================================
Received Import Request.
  Time since last request: 31.365735 seconds.
  path: Assets/Scenes/RunaScene.unity
  artifactKey: Guid(0fc95fcdd138cf44889b9762403676e8) Importer(815301076,1909f56bfc062723c751e8b465ee728b)
Start importing Assets/Scenes/RunaScene.unity using Guid(0fc95fcdd138cf44889b9762403676e8) Importer(815301076,1909f56bfc062723c751e8b465ee728b)  -> (artifact id: '003d1b7407c995ceec2b5de2881e4e1d') in 0.010095 seconds
  Import took 0.023362 seconds .

AssetImportWorkerClient::OnTransportError - code=2 error=End of file
